2012-12-05T19:19:24+00:00 DEBUG (7): exception 'PDOException' with message 'SQLSTATE[42S02]: Base table or view not found: 1146 Table 'dcfc_magento.wordpress_product_post' doesn't exist' in /home/joshdcfc/dev.detcityfc.com/lib/Zend/Db/Statement/Pdo.php:228
Stack trace:
#0 /home/joshdcfc/dev.detcityfc.com/lib/Zend/Db/Statement/Pdo.php(228): PDOStatement->execute(Array)
#1 /home/joshdcfc/dev.detcityfc.com/lib/Varien/Db/Statement/Pdo/Mysql.php(110): Zend_Db_Statement_Pdo->_execute(Array)
#2 /home/joshdcfc/dev.detcityfc.com/lib/Zend/Db/Statement.php(300): Varien_Db_Statement_Pdo_Mysql->_execute(Array)
#3 /home/joshdcfc/dev.detcityfc.com/lib/Zend/Db/Adapter/Abstract.php(479): Zend_Db_Statement->execute(Array)
#4 /home/joshdcfc/dev.detcityfc.com/lib/Zend/Db/Adapter/Pdo/Abstract.php(238): Zend_Db_Adapter_Abstract->query('SELECT * FROM w...', Array)
#5 /home/joshdcfc/dev.detcityfc.com/lib/Varien/Db/Adapter/Pdo/Mysql.php(419): Zend_Db_Adapter_Pdo_Abstract->query('SELECT * FROM w...', Array)
#6 /home/joshdcfc/dev.detcityfc.com/lib/Zend/Db/Adapter/Abstract.php(734): Varien_Db_Adapter_Pdo_Mysql->query('SELECT * FROM w...', Array)
#7 /home/joshdcfc/dev.detcityfc.com/app/code/community/Fishpig/Wordpress/sql/wordpress_setup/upgrade-2.4.39-2.4.40.php(78): Zend_Db_Adapter_Abstract->fetchAll('SELECT * FROM w...')
#8 /home/joshdcfc/dev.detcityfc.com/app/code/core/Mage/Core/Model/Resource/Setup.php(624): include('/home/joshdcfc/...')
#9 /home/joshdcfc/dev.detcityfc.com/app/code/core/Mage/Core/Model/Resource/Setup.php(422): Mage_Core_Model_Resource_Setup->_modifyResourceDb('upgrade', '2.4.39', '2.4.66')
#10 /home/joshdcfc/dev.detcityfc.com/app/code/core/Mage/Core/Model/Resource/Setup.php(327): Mage_Core_Model_Resource_Setup->_installResourceDb('2.4.66')
#11 /home/joshdcfc/dev.detcityfc.com/app/code/core/Mage/Core/Model/Resource/Setup.php(235): Mage_Core_Model_Resource_Setup->applyUpdates()
#12 /home/joshdcfc/dev.detcityfc.com/downloader/Maged/Controller.php(940): Mage_Core_Model_Resource_Setup::applyAllUpdates()
#13 /home/joshdcfc/dev.detcityfc.com/downloader/Maged/Controller.php(403): Maged_Controller->cleanCache()
#14 /home/joshdcfc/dev.detcityfc.com/downloader/Maged/Controller.php(789): Maged_Controller->cleanCacheAction()
#15 /home/joshdcfc/dev.detcityfc.com/downloader/Maged/Controller.php(492): Maged_Controller->dispatch()
#16 /home/joshdcfc/dev.detcityfc.com/downloader/index.php(36): Maged_Controller::run()
#17 {main}

Next exception 'Zend_Db_Statement_Exception' with message 'SQLSTATE[42S02]: Base table or view not found: 1146 Table 'dcfc_magento.wordpress_product_post' doesn't exist' in /home/joshdcfc/dev.detcityfc.com/lib/Zend/Db/Statement/Pdo.php:234
Stack trace:
#0 /home/joshdcfc/dev.detcityfc.com/lib/Varien/Db/Statement/Pdo/Mysql.php(110): Zend_Db_Statement_Pdo->_execute(Array)
#1 /home/joshdcfc/dev.detcityfc.com/lib/Zend/Db/Statement.php(300): Varien_Db_Statement_Pdo_Mysql->_execute(Array)
#2 /home/joshdcfc/dev.detcityfc.com/lib/Zend/Db/Adapter/Abstract.php(479): Zend_Db_Statement->execute(Array)
#3 /home/joshdcfc/dev.detcityfc.com/lib/Zend/Db/Adapter/Pdo/Abstract.php(238): Zend_Db_Adapter_Abstract->query('SELECT * FROM w...', Array)
#4 /home/joshdcfc/dev.detcityfc.com/lib/Varien/Db/Adapter/Pdo/Mysql.php(419): Zend_Db_Adapter_Pdo_Abstract->query('SELECT * FROM w...', Array)
#5 /home/joshdcfc/dev.detcityfc.com/lib/Zend/Db/Adapter/Abstract.php(734): Varien_Db_Adapter_Pdo_Mysql->query('SELECT * FROM w...', Array)
#6 /home/joshdcfc/dev.detcityfc.com/app/code/community/Fishpig/Wordpress/sql/wordpress_setup/upgrade-2.4.39-2.4.40.php(78): Zend_Db_Adapter_Abstract->fetchAll('SELECT * FROM w...')
#7 /home/joshdcfc/dev.detcityfc.com/app/code/core/Mage/Core/Model/Resource/Setup.php(624): include('/home/joshdcfc/...')
#8 /home/joshdcfc/dev.detcityfc.com/app/code/core/Mage/Core/Model/Resource/Setup.php(422): Mage_Core_Model_Resource_Setup->_modifyResourceDb('upgrade', '2.4.39', '2.4.66')
#9 /home/joshdcfc/dev.detcityfc.com/app/code/core/Mage/Core/Model/Resource/Setup.php(327): Mage_Core_Model_Resource_Setup->_installResourceDb('2.4.66')
#10 /home/joshdcfc/dev.detcityfc.com/app/code/core/Mage/Core/Model/Resource/Setup.php(235): Mage_Core_Model_Resource_Setup->applyUpdates()
#11 /home/joshdcfc/dev.detcityfc.com/downloader/Maged/Controller.php(940): Mage_Core_Model_Resource_Setup::applyAllUpdates()
#12 /home/joshdcfc/dev.detcityfc.com/downloader/Maged/Controller.php(403): Maged_Controller->cleanCache()
#13 /home/joshdcfc/dev.detcityfc.com/downloader/Maged/Controller.php(789): Maged_Controller->cleanCacheAction()
#14 /home/joshdcfc/dev.detcityfc.com/downloader/Maged/Controller.php(492): Maged_Controller->dispatch()
#15 /home/joshdcfc/dev.detcityfc.com/downloader/index.php(36): Maged_Controller::run()
#16 {main}
2013-02-10T17:54:48+00:00 DEBUG (7): exception 'Exception' with message 'WordPress Auto Login Failed: HTTP/1.1 200 OK
Date: Sun, 10 Feb 2013 17:54:47 GMT
Server: Apache
Expires: Wed, 11 Jan 1984 05:00:00 GMT
Cache-Control: no-cache, must-revalidate, max-age=0
Pragma: no-cache
X-Frame-Options: SAMEORIGIN
Set-Cookie: wordpress_test_cookie=WP+Cookie+check; path=/news/
Set-Cookie: wordpress_test_cookie=WP+Cookie+check; path=/wp/
Last-Modified: Sun, 10 Feb 2013 17:54:48 GMT
Vary: Accept-Encoding
Content-Length: 3301
Content-Type: text/html; charset=UTF-8' in /home/joshdcfc/dev.detcityfc.com/app/code/community/Fishpig/Wordpress/Helper/System.php:443
Stack trace:
#0 /home/joshdcfc/dev.detcityfc.com/app/code/community/Fishpig/Wordpress/controllers/Adminhtml/WordpressController.php(81): Fishpig_Wordpress_Helper_System->loginToWordPress('admin', 'LeRouge12', 'http://www.dev....')
#1 /home/joshdcfc/dev.detcityfc.com/app/code/core/Mage/Core/Controller/Varien/Action.php(419): Fishpig_Wordpress_Adminhtml_WordpressController->loginAction()
#2 /home/joshdcfc/dev.detcityfc.com/app/code/core/Mage/Core/Controller/Varien/Router/Standard.php(250): Mage_Core_Controller_Varien_Action->dispatch('login')
#3 /home/joshdcfc/dev.detcityfc.com/app/code/core/Mage/Core/Controller/Varien/Front.php(176): Mage_Core_Controller_Varien_Router_Standard->match(Object(Mage_Core_Controller_Request_Http))
#4 /home/joshdcfc/dev.detcityfc.com/app/code/core/Mage/Core/Model/App.php(354): Mage_Core_Controller_Varien_Front->dispatch()
#5 /home/joshdcfc/dev.detcityfc.com/app/Mage.php(683): Mage_Core_Model_App->run(Array)
#6 /home/joshdcfc/dev.detcityfc.com/index.php(87): Mage::run('', 'store')
#7 {main}
2013-02-15T23:40:20+00:00 DEBUG (7): exception 'Exception' with message 'WordPress Auto Login Failed: HTTP/1.1 404 Not Found
Date: Fri, 15 Feb 2013 23:40:20 GMT
Server: Apache
Vary: Accept-Encoding
Content-Length: 332
Content-Type: text/html; charset=iso-8859-1' in /home/joshdcfc/detcityfc.com/app/code/community/Fishpig/Wordpress/Helper/System.php:443
Stack trace:
#0 /home/joshdcfc/detcityfc.com/app/code/community/Fishpig/Wordpress/controllers/Adminhtml/WordpressController.php(81): Fishpig_Wordpress_Helper_System->loginToWordPress('admin', 'LeRouge12', 'http://www.dev....')
#1 /home/joshdcfc/detcityfc.com/app/code/core/Mage/Core/Controller/Varien/Action.php(419): Fishpig_Wordpress_Adminhtml_WordpressController->loginAction()
#2 /home/joshdcfc/detcityfc.com/app/code/core/Mage/Core/Controller/Varien/Router/Standard.php(250): Mage_Core_Controller_Varien_Action->dispatch('login')
#3 /home/joshdcfc/detcityfc.com/app/code/core/Mage/Core/Controller/Varien/Front.php(176): Mage_Core_Controller_Varien_Router_Standard->match(Object(Mage_Core_Controller_Request_Http))
#4 /home/joshdcfc/detcityfc.com/app/code/core/Mage/Core/Model/App.php(354): Mage_Core_Controller_Varien_Front->dispatch()
#5 /home/joshdcfc/detcityfc.com/app/Mage.php(683): Mage_Core_Model_App->run(Array)
#6 /home/joshdcfc/detcityfc.com/index.php(87): Mage::run('', 'store')
#7 {main}
2013-02-15T23:40:53+00:00 DEBUG (7): exception 'Exception' with message 'WordPress Auto Login Failed: HTTP/1.1 404 Not Found
Date: Fri, 15 Feb 2013 23:40:53 GMT
Server: Apache
Vary: Accept-Encoding
Content-Length: 332
Content-Type: text/html; charset=iso-8859-1' in /home/joshdcfc/detcityfc.com/app/code/community/Fishpig/Wordpress/Helper/System.php:443
Stack trace:
#0 /home/joshdcfc/detcityfc.com/app/code/community/Fishpig/Wordpress/controllers/Adminhtml/WordpressController.php(81): Fishpig_Wordpress_Helper_System->loginToWordPress('admin', 'LeRouge12', 'http://www.dev....')
#1 /home/joshdcfc/detcityfc.com/app/code/core/Mage/Core/Controller/Varien/Action.php(419): Fishpig_Wordpress_Adminhtml_WordpressController->loginAction()
#2 /home/joshdcfc/detcityfc.com/app/code/core/Mage/Core/Controller/Varien/Router/Standard.php(250): Mage_Core_Controller_Varien_Action->dispatch('login')
#3 /home/joshdcfc/detcityfc.com/app/code/core/Mage/Core/Controller/Varien/Front.php(176): Mage_Core_Controller_Varien_Router_Standard->match(Object(Mage_Core_Controller_Request_Http))
#4 /home/joshdcfc/detcityfc.com/app/code/core/Mage/Core/Model/App.php(354): Mage_Core_Controller_Varien_Front->dispatch()
#5 /home/joshdcfc/detcityfc.com/app/Mage.php(683): Mage_Core_Model_App->run(Array)
#6 /home/joshdcfc/detcityfc.com/index.php(87): Mage::run('', 'store')
#7 {main}
2013-02-15T23:41:03+00:00 DEBUG (7): exception 'Exception' with message 'WordPress Auto Login Failed: HTTP/1.1 404 Not Found
Date: Fri, 15 Feb 2013 23:41:03 GMT
Server: Apache
Vary: Accept-Encoding
Content-Length: 332
Content-Type: text/html; charset=iso-8859-1' in /home/joshdcfc/detcityfc.com/app/code/community/Fishpig/Wordpress/Helper/System.php:443
Stack trace:
#0 /home/joshdcfc/detcityfc.com/app/code/community/Fishpig/Wordpress/controllers/Adminhtml/WordpressController.php(81): Fishpig_Wordpress_Helper_System->loginToWordPress('admin', 'LeRouge12', 'http://www.dev....')
#1 /home/joshdcfc/detcityfc.com/app/code/core/Mage/Core/Controller/Varien/Action.php(419): Fishpig_Wordpress_Adminhtml_WordpressController->loginAction()
#2 /home/joshdcfc/detcityfc.com/app/code/core/Mage/Core/Controller/Varien/Router/Standard.php(250): Mage_Core_Controller_Varien_Action->dispatch('login')
#3 /home/joshdcfc/detcityfc.com/app/code/core/Mage/Core/Controller/Varien/Front.php(176): Mage_Core_Controller_Varien_Router_Standard->match(Object(Mage_Core_Controller_Request_Http))
#4 /home/joshdcfc/detcityfc.com/app/code/core/Mage/Core/Model/App.php(354): Mage_Core_Controller_Varien_Front->dispatch()
#5 /home/joshdcfc/detcityfc.com/app/Mage.php(683): Mage_Core_Model_App->run(Array)
#6 /home/joshdcfc/detcityfc.com/index.php(87): Mage::run('', 'store')
#7 {main}
2013-02-15T23:42:02+00:00 DEBUG (7): exception 'Exception' with message 'WordPress Auto Login Failed: HTTP/1.1 404 Not Found
Date: Fri, 15 Feb 2013 23:42:02 GMT
Server: Apache
Vary: Accept-Encoding
Content-Length: 332
Content-Type: text/html; charset=iso-8859-1' in /home/joshdcfc/detcityfc.com/app/code/community/Fishpig/Wordpress/Helper/System.php:443
Stack trace:
#0 /home/joshdcfc/detcityfc.com/app/code/community/Fishpig/Wordpress/controllers/Adminhtml/WordpressController.php(81): Fishpig_Wordpress_Helper_System->loginToWordPress('admin', 'LeRouge12', 'http://www.dev....')
#1 /home/joshdcfc/detcityfc.com/app/code/core/Mage/Core/Controller/Varien/Action.php(419): Fishpig_Wordpress_Adminhtml_WordpressController->loginAction()
#2 /home/joshdcfc/detcityfc.com/app/code/core/Mage/Core/Controller/Varien/Router/Standard.php(250): Mage_Core_Controller_Varien_Action->dispatch('login')
#3 /home/joshdcfc/detcityfc.com/app/code/core/Mage/Core/Controller/Varien/Front.php(176): Mage_Core_Controller_Varien_Router_Standard->match(Object(Mage_Core_Controller_Request_Http))
#4 /home/joshdcfc/detcityfc.com/app/code/core/Mage/Core/Model/App.php(354): Mage_Core_Controller_Varien_Front->dispatch()
#5 /home/joshdcfc/detcityfc.com/app/Mage.php(683): Mage_Core_Model_App->run(Array)
#6 /home/joshdcfc/detcityfc.com/index.php(87): Mage::run('', 'store')
#7 {main}
2013-02-17T16:30:44+00:00 DEBUG (7): exception 'Exception' with message 'WordPress Auto Login Failed: HTTP/1.1 404 Not Found
Date: Sun, 17 Feb 2013 16:30:44 GMT
Server: Apache
Vary: Accept-Encoding
Content-Length: 332
Content-Type: text/html; charset=iso-8859-1' in /home/joshdcfc/detcityfc.com/app/code/community/Fishpig/Wordpress/Helper/System.php:443
Stack trace:
#0 /home/joshdcfc/detcityfc.com/app/code/community/Fishpig/Wordpress/controllers/Adminhtml/WordpressController.php(81): Fishpig_Wordpress_Helper_System->loginToWordPress('admin', 'LeRouge12', 'http://www.dev....')
#1 /home/joshdcfc/detcityfc.com/app/code/core/Mage/Core/Controller/Varien/Action.php(419): Fishpig_Wordpress_Adminhtml_WordpressController->loginAction()
#2 /home/joshdcfc/detcityfc.com/app/code/core/Mage/Core/Controller/Varien/Router/Standard.php(250): Mage_Core_Controller_Varien_Action->dispatch('login')
#3 /home/joshdcfc/detcityfc.com/app/code/core/Mage/Core/Controller/Varien/Front.php(176): Mage_Core_Controller_Varien_Router_Standard->match(Object(Mage_Core_Controller_Request_Http))
#4 /home/joshdcfc/detcityfc.com/app/code/core/Mage/Core/Model/App.php(354): Mage_Core_Controller_Varien_Front->dispatch()
#5 /home/joshdcfc/detcityfc.com/app/Mage.php(683): Mage_Core_Model_App->run(Array)
#6 /home/joshdcfc/detcityfc.com/index.php(87): Mage::run('', 'store')
#7 {main}
2013-02-17T16:35:21+00:00 DEBUG (7): exception 'Exception' with message 'WordPress Auto Login Failed: HTTP/1.1 404 Not Found
Date: Sun, 17 Feb 2013 16:35:21 GMT
Server: Apache
Vary: Accept-Encoding
Content-Length: 332
Content-Type: text/html; charset=iso-8859-1' in /home/joshdcfc/detcityfc.com/app/code/community/Fishpig/Wordpress/Helper/System.php:443
Stack trace:
#0 /home/joshdcfc/detcityfc.com/app/code/community/Fishpig/Wordpress/controllers/Adminhtml/WordpressController.php(81): Fishpig_Wordpress_Helper_System->loginToWordPress('admin', 'LeRouge12', 'http://www.dev....')
#1 /home/joshdcfc/detcityfc.com/app/code/core/Mage/Core/Controller/Varien/Action.php(419): Fishpig_Wordpress_Adminhtml_WordpressController->loginAction()
#2 /home/joshdcfc/detcityfc.com/app/code/core/Mage/Core/Controller/Varien/Router/Standard.php(250): Mage_Core_Controller_Varien_Action->dispatch('login')
#3 /home/joshdcfc/detcityfc.com/app/code/core/Mage/Core/Controller/Varien/Front.php(176): Mage_Core_Controller_Varien_Router_Standard->match(Object(Mage_Core_Controller_Request_Http))
#4 /home/joshdcfc/detcityfc.com/app/code/core/Mage/Core/Model/App.php(354): Mage_Core_Controller_Varien_Front->dispatch()
#5 /home/joshdcfc/detcityfc.com/app/Mage.php(683): Mage_Core_Model_App->run(Array)
#6 /home/joshdcfc/detcityfc.com/index.php(87): Mage::run('', 'store')
#7 {main}
2013-02-18T12:31:11+00:00 DEBUG (7): exception 'Exception' with message 'WordPress Auto-Login details not set. Login failed.' in /home/joshdcfc/detcityfc.com/app/code/community/Fishpig/Wordpress/controllers/Adminhtml/WordpressController.php:76
Stack trace:
#0 /home/joshdcfc/detcityfc.com/app/code/core/Mage/Core/Controller/Varien/Action.php(419): Fishpig_Wordpress_Adminhtml_WordpressController->loginAction()
#1 /home/joshdcfc/detcityfc.com/app/code/core/Mage/Core/Controller/Varien/Router/Standard.php(250): Mage_Core_Controller_Varien_Action->dispatch('login')
#2 /home/joshdcfc/detcityfc.com/app/code/core/Mage/Core/Controller/Varien/Front.php(176): Mage_Core_Controller_Varien_Router_Standard->match(Object(Mage_Core_Controller_Request_Http))
#3 /home/joshdcfc/detcityfc.com/app/code/core/Mage/Core/Model/App.php(354): Mage_Core_Controller_Varien_Front->dispatch()
#4 /home/joshdcfc/detcityfc.com/app/Mage.php(683): Mage_Core_Model_App->run(Array)
#5 /home/joshdcfc/detcityfc.com/index.php(87): Mage::run('', 'store')
#6 {main}
2013-02-18T13:24:34+00:00 DEBUG (7): exception 'Exception' with message 'WordPress Auto-Login details not set. Login failed.' in /home/joshdcfc/detcityfc.com/app/code/community/Fishpig/Wordpress/controllers/Adminhtml/WordpressController.php:76
Stack trace:
#0 /home/joshdcfc/detcityfc.com/app/code/core/Mage/Core/Controller/Varien/Action.php(419): Fishpig_Wordpress_Adminhtml_WordpressController->loginAction()
#1 /home/joshdcfc/detcityfc.com/app/code/core/Mage/Core/Controller/Varien/Router/Standard.php(250): Mage_Core_Controller_Varien_Action->dispatch('login')
#2 /home/joshdcfc/detcityfc.com/app/code/core/Mage/Core/Controller/Varien/Front.php(176): Mage_Core_Controller_Varien_Router_Standard->match(Object(Mage_Core_Controller_Request_Http))
#3 /home/joshdcfc/detcityfc.com/app/code/core/Mage/Core/Model/App.php(354): Mage_Core_Controller_Varien_Front->dispatch()
#4 /home/joshdcfc/detcityfc.com/app/Mage.php(683): Mage_Core_Model_App->run(Array)
#5 /home/joshdcfc/detcityfc.com/index.php(87): Mage::run('', 'store')
#6 {main}
2013-02-18T13:26:24+00:00 DEBUG (7): exception 'Exception' with message 'WordPress Auto Login Failed: HTTP/1.1 404 Not Found
Date: Mon, 18 Feb 2013 13:26:24 GMT
Server: Apache
Vary: Accept-Encoding
Content-Length: 332
Content-Type: text/html; charset=iso-8859-1' in /home/joshdcfc/detcityfc.com/app/code/community/Fishpig/Wordpress/Helper/System.php:443
Stack trace:
#0 /home/joshdcfc/detcityfc.com/app/code/community/Fishpig/Wordpress/controllers/Adminhtml/WordpressController.php(81): Fishpig_Wordpress_Helper_System->loginToWordPress('admin', 'LeRouge12', 'http://www.dev....')
#1 /home/joshdcfc/detcityfc.com/app/code/core/Mage/Core/Controller/Varien/Action.php(419): Fishpig_Wordpress_Adminhtml_WordpressController->loginAction()
#2 /home/joshdcfc/detcityfc.com/app/code/core/Mage/Core/Controller/Varien/Router/Standard.php(250): Mage_Core_Controller_Varien_Action->dispatch('login')
#3 /home/joshdcfc/detcityfc.com/app/code/core/Mage/Core/Controller/Varien/Front.php(176): Mage_Core_Controller_Varien_Router_Standard->match(Object(Mage_Core_Controller_Request_Http))
#4 /home/joshdcfc/detcityfc.com/app/code/core/Mage/Core/Model/App.php(354): Mage_Core_Controller_Varien_Front->dispatch()
#5 /home/joshdcfc/detcityfc.com/app/Mage.php(683): Mage_Core_Model_App->run(Array)
#6 /home/joshdcfc/detcityfc.com/index.php(87): Mage::run('', 'store')
#7 {main}
2013-02-18T14:06:52+00:00 DEBUG (7): exception 'Exception' with message 'WordPress Auto Login Failed: HTTP/1.1 404 Not Found
Date: Mon, 18 Feb 2013 14:06:52 GMT
Server: Apache
Vary: Accept-Encoding
Content-Length: 332
Content-Type: text/html; charset=iso-8859-1' in /home/joshdcfc/detcityfc.com/app/code/community/Fishpig/Wordpress/Helper/System.php:443
Stack trace:
#0 /home/joshdcfc/detcityfc.com/app/code/community/Fishpig/Wordpress/controllers/Adminhtml/WordpressController.php(81): Fishpig_Wordpress_Helper_System->loginToWordPress('admin', 'LeRouge12', 'http://www.dev....')
#1 /home/joshdcfc/detcityfc.com/app/code/core/Mage/Core/Controller/Varien/Action.php(419): Fishpig_Wordpress_Adminhtml_WordpressController->loginAction()
#2 /home/joshdcfc/detcityfc.com/app/code/core/Mage/Core/Controller/Varien/Router/Standard.php(250): Mage_Core_Controller_Varien_Action->dispatch('login')
#3 /home/joshdcfc/detcityfc.com/app/code/core/Mage/Core/Controller/Varien/Front.php(176): Mage_Core_Controller_Varien_Router_Standard->match(Object(Mage_Core_Controller_Request_Http))
#4 /home/joshdcfc/detcityfc.com/app/code/core/Mage/Core/Model/App.php(354): Mage_Core_Controller_Varien_Front->dispatch()
#5 /home/joshdcfc/detcityfc.com/app/Mage.php(683): Mage_Core_Model_App->run(Array)
#6 /home/joshdcfc/detcityfc.com/index.php(87): Mage::run('', 'store')
#7 {main}
2013-02-19T19:18:24+00:00 DEBUG (7): exception 'Exception' with message 'WordPress Auto-Login details not set. Login failed.' in /home/joshdcfc/detcityfc.com/app/code/community/Fishpig/Wordpress/controllers/Adminhtml/WordpressController.php:76
Stack trace:
#0 /home/joshdcfc/detcityfc.com/app/code/core/Mage/Core/Controller/Varien/Action.php(419): Fishpig_Wordpress_Adminhtml_WordpressController->loginAction()
#1 /home/joshdcfc/detcityfc.com/app/code/core/Mage/Core/Controller/Varien/Router/Standard.php(250): Mage_Core_Controller_Varien_Action->dispatch('login')
#2 /home/joshdcfc/detcityfc.com/app/code/core/Mage/Core/Controller/Varien/Front.php(176): Mage_Core_Controller_Varien_Router_Standard->match(Object(Mage_Core_Controller_Request_Http))
#3 /home/joshdcfc/detcityfc.com/app/code/core/Mage/Core/Model/App.php(354): Mage_Core_Controller_Varien_Front->dispatch()
#4 /home/joshdcfc/detcityfc.com/app/Mage.php(683): Mage_Core_Model_App->run(Array)
#5 /home/joshdcfc/detcityfc.com/index.php(87): Mage::run('', 'store')
#6 {main}
2013-02-19T19:18:25+00:00 DEBUG (7): exception 'Exception' with message 'WordPress Auto-Login details not set. Login failed.' in /home/joshdcfc/detcityfc.com/app/code/community/Fishpig/Wordpress/controllers/Adminhtml/WordpressController.php:76
Stack trace:
#0 /home/joshdcfc/detcityfc.com/app/code/core/Mage/Core/Controller/Varien/Action.php(419): Fishpig_Wordpress_Adminhtml_WordpressController->loginAction()
#1 /home/joshdcfc/detcityfc.com/app/code/core/Mage/Core/Controller/Varien/Router/Standard.php(250): Mage_Core_Controller_Varien_Action->dispatch('login')
#2 /home/joshdcfc/detcityfc.com/app/code/core/Mage/Core/Controller/Varien/Front.php(176): Mage_Core_Controller_Varien_Router_Standard->match(Object(Mage_Core_Controller_Request_Http))
#3 /home/joshdcfc/detcityfc.com/app/code/core/Mage/Core/Model/App.php(354): Mage_Core_Controller_Varien_Front->dispatch()
#4 /home/joshdcfc/detcityfc.com/app/Mage.php(683): Mage_Core_Model_App->run(Array)
#5 /home/joshdcfc/detcityfc.com/index.php(87): Mage::run('', 'store')
#6 {main}
2013-02-19T19:19:42+00:00 DEBUG (7): exception 'Exception' with message 'WordPress Auto Login Failed: HTTP/1.1 200 OK
Date: Tue, 19 Feb 2013 19:19:40 GMT
Server: Apache
Expires: Wed, 11 Jan 1984 05:00:00 GMT
Cache-Control: no-cache, must-revalidate, max-age=0
Pragma: no-cache
X-Frame-Options: SAMEORIGIN
Set-Cookie: wordpress_test_cookie=WP+Cookie+check; path=/news/
Set-Cookie: wordpress_test_cookie=WP+Cookie+check; path=/wp/
Vary: Accept-Encoding
Content-Length: 3561
Content-Type: text/html; charset=UTF-8' in /home/joshdcfc/detcityfc.com/app/code/community/Fishpig/Wordpress/Helper/System.php:469
Stack trace:
#0 /home/joshdcfc/detcityfc.com/app/code/community/Fishpig/Wordpress/controllers/Adminhtml/WordpressController.php(81): Fishpig_Wordpress_Helper_System->loginToWordPress('alxwright', 'lerouge12', 'http://www.detc...')
#1 /home/joshdcfc/detcityfc.com/app/code/core/Mage/Core/Controller/Varien/Action.php(419): Fishpig_Wordpress_Adminhtml_WordpressController->loginAction()
#2 /home/joshdcfc/detcityfc.com/app/code/core/Mage/Core/Controller/Varien/Router/Standard.php(250): Mage_Core_Controller_Varien_Action->dispatch('login')
#3 /home/joshdcfc/detcityfc.com/app/code/core/Mage/Core/Controller/Varien/Front.php(176): Mage_Core_Controller_Varien_Router_Standard->match(Object(Mage_Core_Controller_Request_Http))
#4 /home/joshdcfc/detcityfc.com/app/code/core/Mage/Core/Model/App.php(354): Mage_Core_Controller_Varien_Front->dispatch()
#5 /home/joshdcfc/detcityfc.com/app/Mage.php(683): Mage_Core_Model_App->run(Array)
#6 /home/joshdcfc/detcityfc.com/index.php(87): Mage::run('', 'store')
#7 {main}
2013-02-19T19:30:11+00:00 DEBUG (7): exception 'Exception' with message 'CURL (28): Operation timed out after 10006 milliseconds with 0 bytes received' in /home/joshdcfc/detcityfc.com/app/code/community/Fishpig/Wordpress/Helper/System.php:393
Stack trace:
#0 /home/joshdcfc/detcityfc.com/app/code/community/Fishpig/Wordpress/Helper/System.php(464): Fishpig_Wordpress_Helper_System->makeHttpPostRequest('http://www.detc...', Array)
#1 /home/joshdcfc/detcityfc.com/app/code/community/Fishpig/Wordpress/controllers/Adminhtml/WordpressController.php(81): Fishpig_Wordpress_Helper_System->loginToWordPress('admin', 'LeRouge12', 'http://www.detc...')
#2 /home/joshdcfc/detcityfc.com/app/code/core/Mage/Core/Controller/Varien/Action.php(419): Fishpig_Wordpress_Adminhtml_WordpressController->loginAction()
#3 /home/joshdcfc/detcityfc.com/app/code/core/Mage/Core/Controller/Varien/Router/Standard.php(250): Mage_Core_Controller_Varien_Action->dispatch('login')
#4 /home/joshdcfc/detcityfc.com/app/code/core/Mage/Core/Controller/Varien/Front.php(176): Mage_Core_Controller_Varien_Router_Standard->match(Object(Mage_Core_Controller_Request_Http))
#5 /home/joshdcfc/detcityfc.com/app/code/core/Mage/Core/Model/App.php(354): Mage_Core_Controller_Varien_Front->dispatch()
#6 /home/joshdcfc/detcityfc.com/app/Mage.php(683): Mage_Core_Model_App->run(Array)
#7 /home/joshdcfc/detcityfc.com/index.php(87): Mage::run('', 'store')
#8 {main}
2013-02-19T21:04:06+00:00 DEBUG (7): exception 'Exception' with message 'CURL (28): Operation timed out after 10003 milliseconds with 0 bytes received' in /home/joshdcfc/detcityfc.com/app/code/community/Fishpig/Wordpress/Helper/System.php:393
Stack trace:
#0 /home/joshdcfc/detcityfc.com/app/code/community/Fishpig/Wordpress/Helper/System.php(464): Fishpig_Wordpress_Helper_System->makeHttpPostRequest('http://www.detc...', Array)
#1 /home/joshdcfc/detcityfc.com/app/code/community/Fishpig/Wordpress/controllers/Adminhtml/WordpressController.php(81): Fishpig_Wordpress_Helper_System->loginToWordPress('admin', 'LeRouge12', 'http://www.detc...')
#2 /home/joshdcfc/detcityfc.com/app/code/core/Mage/Core/Controller/Varien/Action.php(419): Fishpig_Wordpress_Adminhtml_WordpressController->loginAction()
#3 /home/joshdcfc/detcityfc.com/app/code/core/Mage/Core/Controller/Varien/Router/Standard.php(250): Mage_Core_Controller_Varien_Action->dispatch('login')
#4 /home/joshdcfc/detcityfc.com/app/code/core/Mage/Core/Controller/Varien/Front.php(176): Mage_Core_Controller_Varien_Router_Standard->match(Object(Mage_Core_Controller_Request_Http))
#5 /home/joshdcfc/detcityfc.com/app/code/core/Mage/Core/Model/App.php(354): Mage_Core_Controller_Varien_Front->dispatch()
#6 /home/joshdcfc/detcityfc.com/app/Mage.php(683): Mage_Core_Model_App->run(Array)
#7 /home/joshdcfc/detcityfc.com/index.php(87): Mage::run('', 'store')
#8 {main}
2013-02-20T01:13:43+00:00 DEBUG (7): SQLSTATE[HY000] [1130] Host 'ps161344.dreamhost.com' is not allowed to connect to this MySQL server
2013-02-20T10:08:30+00:00 DEBUG (7): SQLSTATE[HY000] [1130] Host 'ps161344.dreamhost.com' is not allowed to connect to this MySQL server
2013-02-24T14:22:24+00:00 DEBUG (7): exception 'Exception' with message 'CURL (28): Operation timed out after 10006 milliseconds with 0 bytes received' in /home/joshdcfc/detcityfc.com/app/code/community/Fishpig/Wordpress/Helper/System.php:393
Stack trace:
#0 /home/joshdcfc/detcityfc.com/app/code/community/Fishpig/Wordpress/Helper/System.php(464): Fishpig_Wordpress_Helper_System->makeHttpPostRequest('http://www.detc...', Array)
#1 /home/joshdcfc/detcityfc.com/app/code/community/Fishpig/Wordpress/controllers/Adminhtml/WordpressController.php(81): Fishpig_Wordpress_Helper_System->loginToWordPress('admin', 'LeRouge12', 'http://www.detc...')
#2 /home/joshdcfc/detcityfc.com/app/code/core/Mage/Core/Controller/Varien/Action.php(419): Fishpig_Wordpress_Adminhtml_WordpressController->loginAction()
#3 /home/joshdcfc/detcityfc.com/app/code/core/Mage/Core/Controller/Varien/Router/Standard.php(250): Mage_Core_Controller_Varien_Action->dispatch('login')
#4 /home/joshdcfc/detcityfc.com/app/code/core/Mage/Core/Controller/Varien/Front.php(176): Mage_Core_Controller_Varien_Router_Standard->match(Object(Mage_Core_Controller_Request_Http))
#5 /home/joshdcfc/detcityfc.com/app/code/core/Mage/Core/Model/App.php(354): Mage_Core_Controller_Varien_Front->dispatch()
#6 /home/joshdcfc/detcityfc.com/app/Mage.php(683): Mage_Core_Model_App->run(Array)
#7 /home/joshdcfc/detcityfc.com/index.php(87): Mage::run('', 'store')
#8 {main}
2013-03-13T15:53:39+00:00 DEBUG (7): SQLSTATE[HY000] [2013] Lost connection to MySQL server at 'reading authorization packet', system error: 0
2013-03-20T20:42:41+00:00 DEBUG (7): SQLSTATE[28000] [1045] Access denied for user 'detcityfccom1'@'c-69-245-75-166.hsd1.mi.comcast.net' (using password: YES)
2013-03-20T20:43:37+00:00 DEBUG (7): SQLSTATE[28000] [1045] Access denied for user 'detcityfccom1'@'c-69-245-75-166.hsd1.mi.comcast.net' (using password: YES)
2013-03-20T20:45:39+00:00 DEBUG (7): SQLSTATE[28000] [1045] Access denied for user 'detcityfccom1'@'c-69-245-75-166.hsd1.mi.comcast.net' (using password: YES)
2013-03-20T20:45:44+00:00 DEBUG (7): SQLSTATE[28000] [1045] Access denied for user 'detcityfccom1'@'c-69-245-75-166.hsd1.mi.comcast.net' (using password: YES)
2013-03-20T21:13:01+00:00 DEBUG (7): SQLSTATE[28000] [1045] Access denied for user 'detcityfccom1'@'c-69-245-75-166.hsd1.mi.comcast.net' (using password: YES)
2013-03-20T21:15:42+00:00 DEBUG (7): SQLSTATE[28000] [1045] Access denied for user 'detcityfccom1'@'c-69-245-75-166.hsd1.mi.comcast.net' (using password: YES)
2013-03-20T21:19:52+00:00 DEBUG (7): SQLSTATE[28000] [1045] Access denied for user 'detcityfccom1'@'c-69-245-75-166.hsd1.mi.comcast.net' (using password: YES)
2013-03-20T21:27:08+00:00 DEBUG (7): SQLSTATE[28000] [1045] Access denied for user 'detcityfccom1'@'c-69-245-75-166.hsd1.mi.comcast.net' (using password: YES)
2013-03-23T12:01:16+00:00 DEBUG (7): SQLSTATE[28000] [1045] Access denied for user 'detcityfccom1'@'ip-64-134-164-1.public.wayport.net' (using password: YES)
2013-03-23T12:10:41+00:00 DEBUG (7): SQLSTATE[28000] [1045] Access denied for user 'detcityfccom1'@'ip-64-134-164-1.public.wayport.net' (using password: YES)
2013-03-23T12:21:09+00:00 DEBUG (7): SQLSTATE[28000] [1045] Access denied for user 'detcityfccom1'@'ip-64-134-164-1.public.wayport.net' (using password: YES)
2013-03-23T12:23:38+00:00 DEBUG (7): SQLSTATE[28000] [1045] Access denied for user 'detcityfccom1'@'ip-64-134-164-1.public.wayport.net' (using password: YES)
2013-03-23T12:24:15+00:00 DEBUG (7): SQLSTATE[28000] [1045] Access denied for user 'detcityfccom1'@'ip-64-134-164-1.public.wayport.net' (using password: YES)
2013-03-23T12:26:27+00:00 DEBUG (7): SQLSTATE[28000] [1045] Access denied for user 'detcityfccom1'@'ip-64-134-164-1.public.wayport.net' (using password: YES)
2013-03-23T12:28:05+00:00 DEBUG (7): SQLSTATE[28000] [1045] Access denied for user 'detcityfccom1'@'ip-64-134-164-1.public.wayport.net' (using password: YES)
2013-03-23T12:28:42+00:00 DEBUG (7): SQLSTATE[28000] [1045] Access denied for user 'detcityfccom1'@'ip-64-134-164-1.public.wayport.net' (using password: YES)
2013-03-23T12:28:58+00:00 DEBUG (7): SQLSTATE[28000] [1045] Access denied for user 'detcityfccom1'@'ip-64-134-164-1.public.wayport.net' (using password: YES)
2013-03-23T12:30:23+00:00 DEBUG (7): SQLSTATE[28000] [1045] Access denied for user 'detcityfccom1'@'ip-64-134-164-1.public.wayport.net' (using password: YES)
2013-03-23T12:33:37+00:00 DEBUG (7): SQLSTATE[28000] [1045] Access denied for user 'detcityfccom1'@'ip-64-134-164-1.public.wayport.net' (using password: YES)
2013-03-23T12:33:47+00:00 DEBUG (7): SQLSTATE[28000] [1045] Access denied for user 'detcityfccom1'@'ip-64-134-164-1.public.wayport.net' (using password: YES)
2013-03-23T12:34:15+00:00 DEBUG (7): SQLSTATE[28000] [1045] Access denied for user 'detcityfccom1'@'ip-64-134-164-1.public.wayport.net' (using password: YES)
2013-03-23T12:34:59+00:00 DEBUG (7): SQLSTATE[28000] [1045] Access denied for user 'detcityfccom1'@'ip-64-134-164-1.public.wayport.net' (using password: YES)
2013-03-23T12:39:06+00:00 DEBUG (7): SQLSTATE[28000] [1045] Access denied for user 'detcityfccom1'@'ip-64-134-164-1.public.wayport.net' (using password: YES)
2013-03-23T12:40:07+00:00 DEBUG (7): SQLSTATE[28000] [1045] Access denied for user 'detcityfccom1'@'ip-64-134-164-1.public.wayport.net' (using password: YES)
2013-03-23T12:40:47+00:00 DEBUG (7): SQLSTATE[28000] [1045] Access denied for user 'detcityfccom1'@'ip-64-134-164-1.public.wayport.net' (using password: YES)
2013-03-23T12:41:36+00:00 DEBUG (7): SQLSTATE[28000] [1045] Access denied for user 'detcityfccom1'@'ip-64-134-164-1.public.wayport.net' (using password: YES)
2013-03-23T12:43:40+00:00 DEBUG (7): SQLSTATE[28000] [1045] Access denied for user 'detcityfccom1'@'ip-64-134-164-1.public.wayport.net' (using password: YES)
2013-03-23T12:43:54+00:00 DEBUG (7): SQLSTATE[28000] [1045] Access denied for user 'detcityfccom1'@'ip-64-134-164-1.public.wayport.net' (using password: YES)
2013-03-23T12:44:57+00:00 DEBUG (7): SQLSTATE[28000] [1045] Access denied for user 'detcityfccom1'@'ip-64-134-164-1.public.wayport.net' (using password: YES)
2013-03-23T12:59:45+00:00 DEBUG (7): SQLSTATE[28000] [1045] Access denied for user 'detcityfccom1'@'ip-64-134-164-1.public.wayport.net' (using password: YES)
2013-03-23T13:03:03+00:00 DEBUG (7): SQLSTATE[28000] [1045] Access denied for user 'detcityfccom1'@'ip-64-134-164-1.public.wayport.net' (using password: YES)
2013-03-23T13:05:09+00:00 DEBUG (7): SQLSTATE[28000] [1045] Access denied for user 'detcityfccom1'@'ip-64-134-164-1.public.wayport.net' (using password: YES)
2013-03-23T13:11:06+00:00 DEBUG (7): SQLSTATE[28000] [1045] Access denied for user 'detcityfccom1'@'ip-64-134-164-1.public.wayport.net' (using password: YES)
2013-03-23T13:11:51+00:00 DEBUG (7): SQLSTATE[28000] [1045] Access denied for user 'detcityfccom1'@'ip-64-134-164-1.public.wayport.net' (using password: YES)
2013-03-23T13:17:29+00:00 DEBUG (7): SQLSTATE[28000] [1045] Access denied for user 'detcityfccom1'@'ip-64-134-164-1.public.wayport.net' (using password: YES)
2013-03-23T13:22:11+00:00 DEBUG (7): SQLSTATE[28000] [1045] Access denied for user 'detcityfccom1'@'ip-64-134-164-1.public.wayport.net' (using password: YES)
